

Started GET "/" for ::1 at 2016-01-17 13:28:01 +0300
Processing by Rails::WelcomeController#index as HTML
  Rendered C:/RailsInstaller/Ruby2.1.0/lib/ruby/gems/2.1.0/gems/railties-4.2.5/lib/rails/templates/rails/welcome/index.html.erb (12.1ms)
Completed 200 OK in 110ms (Views: 84.4ms | ActiveRecord: 0.0ms)


Started GET "/" for ::1 at 2016-01-17 13:31:38 +0300
Processing by Rails::WelcomeController#index as HTML
  Rendered C:/RailsInstaller/Ruby2.1.0/lib/ruby/gems/2.1.0/gems/railties-4.2.5/lib/rails/templates/rails/welcome/index.html.erb (4.0ms)
Completed 200 OK in 23ms (Views: 12.0ms | ActiveRecord: 0.0ms)


Started GET "/" for ::1 at 2016-01-17 13:45:31 +0300
Processing by MapsController#index as HTML
  [1m[36mMap Load (11.0ms)[0m  [1mSELECT "maps".* FROM "maps"[0m
  Rendered maps/index.html.erb within layouts/application (28.0ms)
Completed 500 Internal Server Error in 188ms (ActiveRecord: 11.0ms)

ActionView::Template::Error (SQLite3::SQLException: no such table: maps: SELECT "maps".* FROM "maps"):
    10:   </thead>
    11: 
    12:   <tbody>
    13:     <% @maps.each do |map| %>
    14:       <tr>
    15:         <td><%= link_to 'Show', map %></td>
    16:         <td><%= link_to 'Edit', edit_map_path(map) %></td>
  app/views/maps/index.html.erb:13:in `_app_views_maps_index_html_erb__442017690_49670016'


  Rendered C:/RailsInstaller/Ruby2.1.0/lib/ruby/gems/2.1.0/gems/actionpack-4.2.5/lib/action_dispatch/middleware/templates/rescues/_source.erb (1.0ms)
  Rendered C:/RailsInstaller/Ruby2.1.0/lib/ruby/gems/2.1.0/gems/actionpack-4.2.5/lib/action_dispatch/middleware/templates/rescues/_trace.html.erb (4.0ms)
  Rendered C:/RailsInstaller/Ruby2.1.0/lib/ruby/gems/2.1.0/gems/actionpack-4.2.5/lib/action_dispatch/middleware/templates/rescues/_request_and_response.html.erb (0.0ms)
  Rendered C:/RailsInstaller/Ruby2.1.0/lib/ruby/gems/2.1.0/gems/actionpack-4.2.5/lib/action_dispatch/middleware/templates/rescues/template_error.html.erb within rescues/layout (79.1ms)
  Rendered C:/RailsInstaller/Ruby2.1.0/lib/ruby/gems/2.1.0/gems/web-console-2.2.1/lib/web_console/templates/_markup.html.erb (1.0ms)
  Rendered C:/RailsInstaller/Ruby2.1.0/lib/ruby/gems/2.1.0/gems/web-console-2.2.1/lib/web_console/templates/_inner_console_markup.html.erb within layouts/inlined_string (1.0ms)
  Rendered C:/RailsInstaller/Ruby2.1.0/lib/ruby/gems/2.1.0/gems/web-console-2.2.1/lib/web_console/templates/_prompt_box_markup.html.erb within layouts/inlined_string (1.0ms)
  Rendered C:/RailsInstaller/Ruby2.1.0/lib/ruby/gems/2.1.0/gems/web-console-2.2.1/lib/web_console/templates/style.css.erb within layouts/inlined_string (0.0ms)
  Rendered C:/RailsInstaller/Ruby2.1.0/lib/ruby/gems/2.1.0/gems/web-console-2.2.1/lib/web_console/templates/console.js.erb within layouts/javascript (23.0ms)
  Rendered C:/RailsInstaller/Ruby2.1.0/lib/ruby/gems/2.1.0/gems/web-console-2.2.1/lib/web_console/templates/main.js.erb within layouts/javascript (0.0ms)
  Rendered C:/RailsInstaller/Ruby2.1.0/lib/ruby/gems/2.1.0/gems/web-console-2.2.1/lib/web_console/templates/error_page.js.erb within layouts/javascript (1.0ms)
  Rendered C:/RailsInstaller/Ruby2.1.0/lib/ruby/gems/2.1.0/gems/web-console-2.2.1/lib/web_console/templates/index.html.erb (74.1ms)


Started GET "/" for ::1 at 2016-01-17 13:47:58 +0300
Processing by MapsController#index as HTML
  Rendered maps/index.html.erb within layouts/application (1.0ms)
Completed 500 Internal Server Error in 3098ms (ActiveRecord: 0.0ms)

ActionView::Template::Error (TypeError: Объект не поддерживает это свойство или метод):
    2: <html>
    3: <head>
    4:   <title>Fl</title>
    5:   <%= stylesheet_link_tag    'application', media: 'all', 'data-turbolinks-track' => true %>
    6:   <%= javascript_include_tag 'application', 'data-turbolinks-track' => true %>
    7:   <%= csrf_meta_tags %>
    8: </head>
  app/views/layouts/application.html.erb:5:in `_app_views_layouts_application_html_erb__363282346_49658808'


  Rendered C:/RailsInstaller/Ruby2.1.0/lib/ruby/gems/2.1.0/gems/actionpack-4.2.5/lib/action_dispatch/middleware/templates/rescues/_source.erb (1.0ms)
  Rendered C:/RailsInstaller/Ruby2.1.0/lib/ruby/gems/2.1.0/gems/actionpack-4.2.5/lib/action_dispatch/middleware/templates/rescues/_trace.html.erb (33.0ms)
  Rendered C:/RailsInstaller/Ruby2.1.0/lib/ruby/gems/2.1.0/gems/actionpack-4.2.5/lib/action_dispatch/middleware/templates/rescues/_request_and_response.html.erb (2.0ms)
  Rendered C:/RailsInstaller/Ruby2.1.0/lib/ruby/gems/2.1.0/gems/actionpack-4.2.5/lib/action_dispatch/middleware/templates/rescues/template_error.html.erb within rescues/layout (56.0ms)
  Rendered C:/RailsInstaller/Ruby2.1.0/lib/ruby/gems/2.1.0/gems/web-console-2.2.1/lib/web_console/templates/_markup.html.erb (0.0ms)
  Rendered C:/RailsInstaller/Ruby2.1.0/lib/ruby/gems/2.1.0/gems/web-console-2.2.1/lib/web_console/templates/_inner_console_markup.html.erb within layouts/inlined_string (1.0ms)
  Rendered C:/RailsInstaller/Ruby2.1.0/lib/ruby/gems/2.1.0/gems/web-console-2.2.1/lib/web_console/templates/_prompt_box_markup.html.erb within layouts/inlined_string (0.0ms)
  Rendered C:/RailsInstaller/Ruby2.1.0/lib/ruby/gems/2.1.0/gems/web-console-2.2.1/lib/web_console/templates/style.css.erb within layouts/inlined_string (0.0ms)
  Rendered C:/RailsInstaller/Ruby2.1.0/lib/ruby/gems/2.1.0/gems/web-console-2.2.1/lib/web_console/templates/console.js.erb within layouts/javascript (24.0ms)
  Rendered C:/RailsInstaller/Ruby2.1.0/lib/ruby/gems/2.1.0/gems/web-console-2.2.1/lib/web_console/templates/main.js.erb within layouts/javascript (0.0ms)
  Rendered C:/RailsInstaller/Ruby2.1.0/lib/ruby/gems/2.1.0/gems/web-console-2.2.1/lib/web_console/templates/error_page.js.erb within layouts/javascript (1.0ms)
  Rendered C:/RailsInstaller/Ruby2.1.0/lib/ruby/gems/2.1.0/gems/web-console-2.2.1/lib/web_console/templates/index.html.erb (53.0ms)


Started GET "/" for ::1 at 2016-01-17 13:48:06 +0300
Processing by MapsController#index as HTML
  Rendered maps/index.html.erb within layouts/application (0.0ms)
Completed 500 Internal Server Error in 2038ms (ActiveRecord: 0.0ms)

ActionView::Template::Error (TypeError: Объект не поддерживает это свойство или метод):
    2: <html>
    3: <head>
    4:   <title>Fl</title>
    5:   <%= stylesheet_link_tag    'application', media: 'all', 'data-turbolinks-track' => true %>
    6:   <%= javascript_include_tag 'application', 'data-turbolinks-track' => true %>
    7:   <%= csrf_meta_tags %>
    8: </head>
  app/views/layouts/application.html.erb:5:in `_app_views_layouts_application_html_erb__363282346_49658808'


  Rendered C:/RailsInstaller/Ruby2.1.0/lib/ruby/gems/2.1.0/gems/actionpack-4.2.5/lib/action_dispatch/middleware/templates/rescues/_source.erb (1.0ms)
  Rendered C:/RailsInstaller/Ruby2.1.0/lib/ruby/gems/2.1.0/gems/actionpack-4.2.5/lib/action_dispatch/middleware/templates/rescues/_trace.html.erb (4.0ms)
  Rendered C:/RailsInstaller/Ruby2.1.0/lib/ruby/gems/2.1.0/gems/actionpack-4.2.5/lib/action_dispatch/middleware/templates/rescues/_request_and_response.html.erb (1.0ms)
  Rendered C:/RailsInstaller/Ruby2.1.0/lib/ruby/gems/2.1.0/gems/actionpack-4.2.5/lib/action_dispatch/middleware/templates/rescues/template_error.html.erb within rescues/layout (26.0ms)
  Rendered C:/RailsInstaller/Ruby2.1.0/lib/ruby/gems/2.1.0/gems/web-console-2.2.1/lib/web_console/templates/_markup.html.erb (0.0ms)
  Rendered C:/RailsInstaller/Ruby2.1.0/lib/ruby/gems/2.1.0/gems/web-console-2.2.1/lib/web_console/templates/_inner_console_markup.html.erb within layouts/inlined_string (1.0ms)
  Rendered C:/RailsInstaller/Ruby2.1.0/lib/ruby/gems/2.1.0/gems/web-console-2.2.1/lib/web_console/templates/_prompt_box_markup.html.erb within layouts/inlined_string (0.0ms)
  Rendered C:/RailsInstaller/Ruby2.1.0/lib/ruby/gems/2.1.0/gems/web-console-2.2.1/lib/web_console/templates/style.css.erb within layouts/inlined_string (0.0ms)
  Rendered C:/RailsInstaller/Ruby2.1.0/lib/ruby/gems/2.1.0/gems/web-console-2.2.1/lib/web_console/templates/console.js.erb within layouts/javascript (24.0ms)
  Rendered C:/RailsInstaller/Ruby2.1.0/lib/ruby/gems/2.1.0/gems/web-console-2.2.1/lib/web_console/templates/main.js.erb within layouts/javascript (0.0ms)
  Rendered C:/RailsInstaller/Ruby2.1.0/lib/ruby/gems/2.1.0/gems/web-console-2.2.1/lib/web_console/templates/error_page.js.erb within layouts/javascript (0.0ms)
  Rendered C:/RailsInstaller/Ruby2.1.0/lib/ruby/gems/2.1.0/gems/web-console-2.2.1/lib/web_console/templates/index.html.erb (52.0ms)


Started GET "/" for ::1 at 2016-01-17 13:48:52 +0300
Processing by MapsController#index as HTML
  Rendered maps/index.html.erb within layouts/application (0.0ms)
Completed 500 Internal Server Error in 2035ms (ActiveRecord: 0.0ms)

ActionView::Template::Error (TypeError: Объект не поддерживает это свойство или метод):
    2: <html>
    3: <head>
    4:   <title>Fl</title>
    5:   <%= stylesheet_link_tag    'application', media: 'all', 'data-turbolinks-track' => true %>
    6:   <%= javascript_include_tag 'application', 'data-turbolinks-track' => true %>
    7:   <%= csrf_meta_tags %>
    8: </head>
  app/views/layouts/application.html.erb:5:in `_app_views_layouts_application_html_erb__363282346_49658808'


  Rendered C:/RailsInstaller/Ruby2.1.0/lib/ruby/gems/2.1.0/gems/actionpack-4.2.5/lib/action_dispatch/middleware/templates/rescues/_source.erb (1.0ms)
  Rendered C:/RailsInstaller/Ruby2.1.0/lib/ruby/gems/2.1.0/gems/actionpack-4.2.5/lib/action_dispatch/middleware/templates/rescues/_trace.html.erb (4.0ms)
  Rendered C:/RailsInstaller/Ruby2.1.0/lib/ruby/gems/2.1.0/gems/actionpack-4.2.5/lib/action_dispatch/middleware/templates/rescues/_request_and_response.html.erb (1.0ms)
  Rendered C:/RailsInstaller/Ruby2.1.0/lib/ruby/gems/2.1.0/gems/actionpack-4.2.5/lib/action_dispatch/middleware/templates/rescues/template_error.html.erb within rescues/layout (26.0ms)
  Rendered C:/RailsInstaller/Ruby2.1.0/lib/ruby/gems/2.1.0/gems/web-console-2.2.1/lib/web_console/templates/_markup.html.erb (1.0ms)
  Rendered C:/RailsInstaller/Ruby2.1.0/lib/ruby/gems/2.1.0/gems/web-console-2.2.1/lib/web_console/templates/_inner_console_markup.html.erb within layouts/inlined_string (0.0ms)
  Rendered C:/RailsInstaller/Ruby2.1.0/lib/ruby/gems/2.1.0/gems/web-console-2.2.1/lib/web_console/templates/_prompt_box_markup.html.erb within layouts/inlined_string (1.0ms)
  Rendered C:/RailsInstaller/Ruby2.1.0/lib/ruby/gems/2.1.0/gems/web-console-2.2.1/lib/web_console/templates/style.css.erb within layouts/inlined_string (0.0ms)
  Rendered C:/RailsInstaller/Ruby2.1.0/lib/ruby/gems/2.1.0/gems/web-console-2.2.1/lib/web_console/templates/console.js.erb within layouts/javascript (24.0ms)
  Rendered C:/RailsInstaller/Ruby2.1.0/lib/ruby/gems/2.1.0/gems/web-console-2.2.1/lib/web_console/templates/main.js.erb within layouts/javascript (0.0ms)
  Rendered C:/RailsInstaller/Ruby2.1.0/lib/ruby/gems/2.1.0/gems/web-console-2.2.1/lib/web_console/templates/error_page.js.erb within layouts/javascript (0.0ms)
  Rendered C:/RailsInstaller/Ruby2.1.0/lib/ruby/gems/2.1.0/gems/web-console-2.2.1/lib/web_console/templates/index.html.erb (52.0ms)


Started GET "/" for ::1 at 2016-01-17 13:49:37 +0300
Processing by MapsController#index as HTML
  Rendered maps/index.html.erb within layouts/application (3.0ms)
Completed 500 Internal Server Error in 2504ms (ActiveRecord: 0.0ms)

ActionView::Template::Error (TypeError: Объект не поддерживает это свойство или метод):
    2: <html>
    3: <head>
    4:   <title>Fl</title>
    5:   <%= stylesheet_link_tag    'application', media: 'all', 'data-turbolinks-track' => true %>
    6:   <%= javascript_include_tag 'application', 'data-turbolinks-track' => true %>
    7:   <%= csrf_meta_tags %>
    8: </head>
  app/views/layouts/application.html.erb:5:in `_app_views_layouts_application_html_erb___378031443_50787660'


  Rendered C:/RailsInstaller/Ruby2.1.0/lib/ruby/gems/2.1.0/gems/actionpack-4.2.5/lib/action_dispatch/middleware/templates/rescues/_source.erb (0.0ms)
  Rendered C:/RailsInstaller/Ruby2.1.0/lib/ruby/gems/2.1.0/gems/actionpack-4.2.5/lib/action_dispatch/middleware/templates/rescues/_trace.html.erb (4.0ms)
  Rendered C:/RailsInstaller/Ruby2.1.0/lib/ruby/gems/2.1.0/gems/actionpack-4.2.5/lib/action_dispatch/middleware/templates/rescues/_request_and_response.html.erb (1.0ms)
  Rendered C:/RailsInstaller/Ruby2.1.0/lib/ruby/gems/2.1.0/gems/actionpack-4.2.5/lib/action_dispatch/middleware/templates/rescues/template_error.html.erb within rescues/layout (27.0ms)
  Rendered C:/RailsInstaller/Ruby2.1.0/lib/ruby/gems/2.1.0/gems/web-console-2.2.1/lib/web_console/templates/_markup.html.erb (1.0ms)
  Rendered C:/RailsInstaller/Ruby2.1.0/lib/ruby/gems/2.1.0/gems/web-console-2.2.1/lib/web_console/templates/_inner_console_markup.html.erb within layouts/inlined_string (0.0ms)
  Rendered C:/RailsInstaller/Ruby2.1.0/lib/ruby/gems/2.1.0/gems/web-console-2.2.1/lib/web_console/templates/_prompt_box_markup.html.erb within layouts/inlined_string (1.0ms)
  Rendered C:/RailsInstaller/Ruby2.1.0/lib/ruby/gems/2.1.0/gems/web-console-2.2.1/lib/web_console/templates/style.css.erb within layouts/inlined_string (0.0ms)
  Rendered C:/RailsInstaller/Ruby2.1.0/lib/ruby/gems/2.1.0/gems/web-console-2.2.1/lib/web_console/templates/console.js.erb within layouts/javascript (25.0ms)
  Rendered C:/RailsInstaller/Ruby2.1.0/lib/ruby/gems/2.1.0/gems/web-console-2.2.1/lib/web_console/templates/main.js.erb within layouts/javascript (0.0ms)
  Rendered C:/RailsInstaller/Ruby2.1.0/lib/ruby/gems/2.1.0/gems/web-console-2.2.1/lib/web_console/templates/error_page.js.erb within layouts/javascript (0.0ms)
  Rendered C:/RailsInstaller/Ruby2.1.0/lib/ruby/gems/2.1.0/gems/web-console-2.2.1/lib/web_console/templates/index.html.erb (79.1ms)


Started GET "/" for ::1 at 2016-01-17 13:50:22 +0300
Processing by MapsController#index as HTML
  Rendered maps/index.html.erb (0.0ms)
Completed 200 OK in 4ms (Views: 4.0ms | ActiveRecord: 0.0ms)


Started GET "/" for ::1 at 2016-01-17 13:50:26 +0300
Processing by MapsController#index as HTML
  Rendered maps/index.html.erb (0.0ms)
Completed 200 OK in 3ms (Views: 3.0ms | ActiveRecord: 0.0ms)


Started GET "/" for ::1 at 2016-01-17 13:50:27 +0300
Processing by MapsController#index as HTML
  Rendered maps/index.html.erb (0.0ms)
Completed 200 OK in 3ms (Views: 3.0ms | ActiveRecord: 0.0ms)


Started GET "/" for ::1 at 2016-01-17 13:50:27 +0300
Processing by MapsController#index as HTML
  Rendered maps/index.html.erb (0.0ms)
Completed 200 OK in 3ms (Views: 3.0ms | ActiveRecord: 0.0ms)


Started GET "/" for ::1 at 2016-01-17 13:50:28 +0300
Processing by MapsController#index as HTML
  Rendered maps/index.html.erb (0.0ms)
Completed 200 OK in 3ms (Views: 3.0ms | ActiveRecord: 0.0ms)


Started GET "/" for ::1 at 2016-01-17 13:50:28 +0300
Processing by MapsController#index as HTML
  Rendered maps/index.html.erb (0.0ms)
Completed 200 OK in 3ms (Views: 2.0ms | ActiveRecord: 0.0ms)


Started GET "/" for ::1 at 2016-01-17 13:50:28 +0300
Processing by MapsController#index as HTML
  Rendered maps/index.html.erb (0.0ms)
Completed 200 OK in 3ms (Views: 3.0ms | ActiveRecord: 0.0ms)


Started GET "/" for ::1 at 2016-01-17 13:50:28 +0300
Processing by MapsController#index as HTML
  Rendered maps/index.html.erb (0.0ms)
Completed 200 OK in 3ms (Views: 3.0ms | ActiveRecord: 0.0ms)


Started GET "/" for ::1 at 2016-01-17 13:50:28 +0300
Processing by MapsController#index as HTML
  Rendered maps/index.html.erb (0.0ms)
Completed 200 OK in 2ms (Views: 2.0ms | ActiveRecord: 0.0ms)


Started GET "/" for ::1 at 2016-01-17 13:50:29 +0300
Processing by MapsController#index as HTML
  Rendered maps/index.html.erb (0.0ms)
Completed 200 OK in 3ms (Views: 3.0ms | ActiveRecord: 0.0ms)


Started GET "/" for ::1 at 2016-01-17 13:50:29 +0300
Processing by MapsController#index as HTML
  Rendered maps/index.html.erb (0.0ms)
Completed 200 OK in 3ms (Views: 3.0ms | ActiveRecord: 0.0ms)


Started GET "/" for ::1 at 2016-01-17 13:50:31 +0300
Processing by MapsController#index as HTML
  Rendered maps/index.html.erb (0.0ms)
Completed 200 OK in 2ms (Views: 2.0ms | ActiveRecord: 0.0ms)


Started GET "/" for ::1 at 2016-01-17 13:51:49 +0300
Processing by MapsController#index as HTML
  Rendered maps/index.html.erb (0.0ms)
Completed 200 OK in 7ms (Views: 7.0ms | ActiveRecord: 0.0ms)


Started GET "/" for ::1 at 2016-01-17 13:51:51 +0300
Processing by MapsController#index as HTML
  Rendered maps/index.html.erb (0.0ms)
Completed 200 OK in 2ms (Views: 2.0ms | ActiveRecord: 0.0ms)


Started GET "/" for ::1 at 2016-01-17 13:51:51 +0300
Processing by MapsController#index as HTML
  Rendered maps/index.html.erb (0.0ms)
Completed 200 OK in 3ms (Views: 3.0ms | ActiveRecord: 0.0ms)


Started GET "/" for ::1 at 2016-01-17 13:51:51 +0300
Processing by MapsController#index as HTML
  Rendered maps/index.html.erb (0.0ms)
Completed 200 OK in 3ms (Views: 2.0ms | ActiveRecord: 0.0ms)


Started GET "/" for ::1 at 2016-01-17 13:51:51 +0300
Processing by MapsController#index as HTML
  Rendered maps/index.html.erb (0.0ms)
Completed 200 OK in 3ms (Views: 2.0ms | ActiveRecord: 0.0ms)


Started GET "/" for ::1 at 2016-01-17 14:31:59 +0300
Processing by MapsController#index as HTML
  Rendered maps/index.html.erb (0.0ms)
Completed 200 OK in 10ms (Views: 9.0ms | ActiveRecord: 0.0ms)


Started GET "/" for ::1 at 2016-01-17 14:41:28 +0300
Processing by MapsController#index as HTML
  Rendered maps/index.html.erb (7.0ms)
Completed 500 Internal Server Error in 10ms (ActiveRecord: 0.0ms)

ActionView::Template::Error (undefined method `include_once' for #<#<Class:0x83b2690>:0x88ad5e8>):
    2:   <div id="map"></div>
    3: </div>
    4: <script src="https://maps.googleapis.com/maps/api/js"></script>
    5: <% include_once 'style' %>
  app/views/maps/index.html.erb:5:in `_app_views_maps_index_html_erb__947148399_71656740'


  Rendered C:/RailsInstaller/Ruby2.1.0/lib/ruby/gems/2.1.0/gems/actionpack-4.2.5/lib/action_dispatch/middleware/templates/rescues/_source.erb (0.0ms)
  Rendered C:/RailsInstaller/Ruby2.1.0/lib/ruby/gems/2.1.0/gems/actionpack-4.2.5/lib/action_dispatch/middleware/templates/rescues/_trace.html.erb (3.0ms)
  Rendered C:/RailsInstaller/Ruby2.1.0/lib/ruby/gems/2.1.0/gems/actionpack-4.2.5/lib/action_dispatch/middleware/templates/rescues/_request_and_response.html.erb (1.0ms)
  Rendered C:/RailsInstaller/Ruby2.1.0/lib/ruby/gems/2.1.0/gems/actionpack-4.2.5/lib/action_dispatch/middleware/templates/rescues/template_error.html.erb within rescues/layout (179.3ms)
  Rendered C:/RailsInstaller/Ruby2.1.0/lib/ruby/gems/2.1.0/gems/web-console-2.2.1/lib/web_console/templates/_markup.html.erb (1.0ms)
  Rendered C:/RailsInstaller/Ruby2.1.0/lib/ruby/gems/2.1.0/gems/web-console-2.2.1/lib/web_console/templates/_inner_console_markup.html.erb within layouts/inlined_string (0.0ms)
  Rendered C:/RailsInstaller/Ruby2.1.0/lib/ruby/gems/2.1.0/gems/web-console-2.2.1/lib/web_console/templates/_prompt_box_markup.html.erb within layouts/inlined_string (0.0ms)
  Rendered C:/RailsInstaller/Ruby2.1.0/lib/ruby/gems/2.1.0/gems/web-console-2.2.1/lib/web_console/templates/style.css.erb within layouts/inlined_string (0.0ms)
  Rendered C:/RailsInstaller/Ruby2.1.0/lib/ruby/gems/2.1.0/gems/web-console-2.2.1/lib/web_console/templates/console.js.erb within layouts/javascript (42.0ms)
  Rendered C:/RailsInstaller/Ruby2.1.0/lib/ruby/gems/2.1.0/gems/web-console-2.2.1/lib/web_console/templates/main.js.erb within layouts/javascript (0.0ms)
  Rendered C:/RailsInstaller/Ruby2.1.0/lib/ruby/gems/2.1.0/gems/web-console-2.2.1/lib/web_console/templates/error_page.js.erb within layouts/javascript (1.0ms)
  Rendered C:/RailsInstaller/Ruby2.1.0/lib/ruby/gems/2.1.0/gems/web-console-2.2.1/lib/web_console/templates/index.html.erb (121.2ms)


Started GET "/" for ::1 at 2016-01-17 14:42:07 +0300
Processing by MapsController#index as HTML
  Rendered maps/index.html.erb (6.0ms)
Completed 500 Internal Server Error in 9ms (ActiveRecord: 0.0ms)

ActionView::Template::Error (undefined method `require_once' for #<#<Class:0x83b2690>:0x9313f80>):
    2:   <div id="map"></div>
    3: </div>
    4: <script src="https://maps.googleapis.com/maps/api/js"></script>
    5: <% require_once 'style' %>
  app/views/maps/index.html.erb:5:in `_app_views_maps_index_html_erb__947148399_77109744'


  Rendered C:/RailsInstaller/Ruby2.1.0/lib/ruby/gems/2.1.0/gems/actionpack-4.2.5/lib/action_dispatch/middleware/templates/rescues/_source.erb (0.0ms)
  Rendered C:/RailsInstaller/Ruby2.1.0/lib/ruby/gems/2.1.0/gems/actionpack-4.2.5/lib/action_dispatch/middleware/templates/rescues/_trace.html.erb (3.0ms)
  Rendered C:/RailsInstaller/Ruby2.1.0/lib/ruby/gems/2.1.0/gems/actionpack-4.2.5/lib/action_dispatch/middleware/templates/rescues/_request_and_response.html.erb (1.0ms)
  Rendered C:/RailsInstaller/Ruby2.1.0/lib/ruby/gems/2.1.0/gems/actionpack-4.2.5/lib/action_dispatch/middleware/templates/rescues/template_error.html.erb within rescues/layout (24.0ms)
  Rendered C:/RailsInstaller/Ruby2.1.0/lib/ruby/gems/2.1.0/gems/web-console-2.2.1/lib/web_console/templates/_markup.html.erb (0.0ms)
  Rendered C:/RailsInstaller/Ruby2.1.0/lib/ruby/gems/2.1.0/gems/web-console-2.2.1/lib/web_console/templates/_inner_console_markup.html.erb within layouts/inlined_string (0.0ms)
  Rendered C:/RailsInstaller/Ruby2.1.0/lib/ruby/gems/2.1.0/gems/web-console-2.2.1/lib/web_console/templates/_prompt_box_markup.html.erb within layouts/inlined_string (0.0ms)
  Rendered C:/RailsInstaller/Ruby2.1.0/lib/ruby/gems/2.1.0/gems/web-console-2.2.1/lib/web_console/templates/style.css.erb within layouts/inlined_string (0.0ms)
  Rendered C:/RailsInstaller/Ruby2.1.0/lib/ruby/gems/2.1.0/gems/web-console-2.2.1/lib/web_console/templates/console.js.erb within layouts/javascript (23.0ms)
  Rendered C:/RailsInstaller/Ruby2.1.0/lib/ruby/gems/2.1.0/gems/web-console-2.2.1/lib/web_console/templates/main.js.erb within layouts/javascript (0.0ms)
  Rendered C:/RailsInstaller/Ruby2.1.0/lib/ruby/gems/2.1.0/gems/web-console-2.2.1/lib/web_console/templates/error_page.js.erb within layouts/javascript (0.0ms)
  Rendered C:/RailsInstaller/Ruby2.1.0/lib/ruby/gems/2.1.0/gems/web-console-2.2.1/lib/web_console/templates/index.html.erb (52.0ms)


Started GET "/" for ::1 at 2016-01-17 14:42:08 +0300
Processing by MapsController#index as HTML
  Rendered maps/index.html.erb (13.0ms)
Completed 500 Internal Server Error in 16ms (ActiveRecord: 0.0ms)

ActionView::Template::Error (undefined method `require_once' for #<#<Class:0x83b2690>:0x9208e18>):
    2:   <div id="map"></div>
    3: </div>
    4: <script src="https://maps.googleapis.com/maps/api/js"></script>
    5: <% require_once 'style' %>
  app/views/maps/index.html.erb:5:in `_app_views_maps_index_html_erb__947148399_77109744'


  Rendered C:/RailsInstaller/Ruby2.1.0/lib/ruby/gems/2.1.0/gems/actionpack-4.2.5/lib/action_dispatch/middleware/templates/rescues/_source.erb (1.0ms)
  Rendered C:/RailsInstaller/Ruby2.1.0/lib/ruby/gems/2.1.0/gems/actionpack-4.2.5/lib/action_dispatch/middleware/templates/rescues/_trace.html.erb (3.0ms)
  Rendered C:/RailsInstaller/Ruby2.1.0/lib/ruby/gems/2.1.0/gems/actionpack-4.2.5/lib/action_dispatch/middleware/templates/rescues/_request_and_response.html.erb (1.0ms)
  Rendered C:/RailsInstaller/Ruby2.1.0/lib/ruby/gems/2.1.0/gems/actionpack-4.2.5/lib/action_dispatch/middleware/templates/rescues/template_error.html.erb within rescues/layout (25.0ms)
  Rendered C:/RailsInstaller/Ruby2.1.0/lib/ruby/gems/2.1.0/gems/web-console-2.2.1/lib/web_console/templates/_markup.html.erb (1.0ms)
  Rendered C:/RailsInstaller/Ruby2.1.0/lib/ruby/gems/2.1.0/gems/web-console-2.2.1/lib/web_console/templates/_inner_console_markup.html.erb within layouts/inlined_string (1.0ms)
  Rendered C:/RailsInstaller/Ruby2.1.0/lib/ruby/gems/2.1.0/gems/web-console-2.2.1/lib/web_console/templates/_prompt_box_markup.html.erb within layouts/inlined_string (0.0ms)
  Rendered C:/RailsInstaller/Ruby2.1.0/lib/ruby/gems/2.1.0/gems/web-console-2.2.1/lib/web_console/templates/style.css.erb within layouts/inlined_string (0.0ms)
  Rendered C:/RailsInstaller/Ruby2.1.0/lib/ruby/gems/2.1.0/gems/web-console-2.2.1/lib/web_console/templates/console.js.erb within layouts/javascript (23.0ms)
  Rendered C:/RailsInstaller/Ruby2.1.0/lib/ruby/gems/2.1.0/gems/web-console-2.2.1/lib/web_console/templates/main.js.erb within layouts/javascript (1.0ms)
  Rendered C:/RailsInstaller/Ruby2.1.0/lib/ruby/gems/2.1.0/gems/web-console-2.2.1/lib/web_console/templates/error_page.js.erb within layouts/javascript (0.0ms)
  Rendered C:/RailsInstaller/Ruby2.1.0/lib/ruby/gems/2.1.0/gems/web-console-2.2.1/lib/web_console/templates/index.html.erb (49.0ms)


Started GET "/" for ::1 at 2016-01-17 14:44:40 +0300
Processing by MapsController#index as HTML
  Rendered maps/index.html.erb (3.0ms)
Completed 500 Internal Server Error in 5ms (ActiveRecord: 0.0ms)

LoadError (cannot load such file -- style):
  app/views/maps/index.html.erb:5:in `_app_views_maps_index_html_erb__947148399_72582348'


  Rendered C:/RailsInstaller/Ruby2.1.0/lib/ruby/gems/2.1.0/gems/actionpack-4.2.5/lib/action_dispatch/middleware/templates/rescues/_source.erb (1.0ms)
  Rendered C:/RailsInstaller/Ruby2.1.0/lib/ruby/gems/2.1.0/gems/actionpack-4.2.5/lib/action_dispatch/middleware/templates/rescues/_trace.html.erb (3.0ms)
  Rendered C:/RailsInstaller/Ruby2.1.0/lib/ruby/gems/2.1.0/gems/actionpack-4.2.5/lib/action_dispatch/middleware/templates/rescues/_request_and_response.html.erb (1.0ms)
  Rendered C:/RailsInstaller/Ruby2.1.0/lib/ruby/gems/2.1.0/gems/actionpack-4.2.5/lib/action_dispatch/middleware/templates/rescues/diagnostics.html.erb within rescues/layout (25.0ms)
  Rendered C:/RailsInstaller/Ruby2.1.0/lib/ruby/gems/2.1.0/gems/web-console-2.2.1/lib/web_console/templates/_markup.html.erb (0.0ms)
  Rendered C:/RailsInstaller/Ruby2.1.0/lib/ruby/gems/2.1.0/gems/web-console-2.2.1/lib/web_console/templates/_inner_console_markup.html.erb within layouts/inlined_string (0.0ms)
  Rendered C:/RailsInstaller/Ruby2.1.0/lib/ruby/gems/2.1.0/gems/web-console-2.2.1/lib/web_console/templates/_prompt_box_markup.html.erb within layouts/inlined_string (0.0ms)
  Rendered C:/RailsInstaller/Ruby2.1.0/lib/ruby/gems/2.1.0/gems/web-console-2.2.1/lib/web_console/templates/style.css.erb within layouts/inlined_string (0.0ms)
  Rendered C:/RailsInstaller/Ruby2.1.0/lib/ruby/gems/2.1.0/gems/web-console-2.2.1/lib/web_console/templates/console.js.erb within layouts/javascript (24.0ms)
  Rendered C:/RailsInstaller/Ruby2.1.0/lib/ruby/gems/2.1.0/gems/web-console-2.2.1/lib/web_console/templates/main.js.erb within layouts/javascript (1.0ms)
  Rendered C:/RailsInstaller/Ruby2.1.0/lib/ruby/gems/2.1.0/gems/web-console-2.2.1/lib/web_console/templates/error_page.js.erb within layouts/javascript (1.0ms)
  Rendered C:/RailsInstaller/Ruby2.1.0/lib/ruby/gems/2.1.0/gems/web-console-2.2.1/lib/web_console/templates/index.html.erb (52.0ms)


Started GET "/" for ::1 at 2016-01-17 14:46:55 +0300
Processing by MapsController#index as HTML
  Rendered maps/index.html.erb (3.0ms)
Completed 500 Internal Server Error in 6ms (ActiveRecord: 0.0ms)

LoadError (cannot load such file -- style):
  app/views/maps/index.html.erb:5:in `_app_views_maps_index_html_erb__947148399_72582348'


  Rendered C:/RailsInstaller/Ruby2.1.0/lib/ruby/gems/2.1.0/gems/actionpack-4.2.5/lib/action_dispatch/middleware/templates/rescues/_source.erb (0.0ms)
  Rendered C:/RailsInstaller/Ruby2.1.0/lib/ruby/gems/2.1.0/gems/actionpack-4.2.5/lib/action_dispatch/middleware/templates/rescues/_trace.html.erb (3.0ms)
  Rendered C:/RailsInstaller/Ruby2.1.0/lib/ruby/gems/2.1.0/gems/actionpack-4.2.5/lib/action_dispatch/middleware/templates/rescues/_request_and_response.html.erb (1.0ms)
  Rendered C:/RailsInstaller/Ruby2.1.0/lib/ruby/gems/2.1.0/gems/actionpack-4.2.5/lib/action_dispatch/middleware/templates/rescues/diagnostics.html.erb within rescues/layout (25.0ms)
  Rendered C:/RailsInstaller/Ruby2.1.0/lib/ruby/gems/2.1.0/gems/web-console-2.2.1/lib/web_console/templates/_markup.html.erb (0.0ms)
  Rendered C:/RailsInstaller/Ruby2.1.0/lib/ruby/gems/2.1.0/gems/web-console-2.2.1/lib/web_console/templates/_inner_console_markup.html.erb within layouts/inlined_string (0.0ms)
  Rendered C:/RailsInstaller/Ruby2.1.0/lib/ruby/gems/2.1.0/gems/web-console-2.2.1/lib/web_console/templates/_prompt_box_markup.html.erb within layouts/inlined_string (1.0ms)
  Rendered C:/RailsInstaller/Ruby2.1.0/lib/ruby/gems/2.1.0/gems/web-console-2.2.1/lib/web_console/templates/style.css.erb within layouts/inlined_string (0.0ms)
  Rendered C:/RailsInstaller/Ruby2.1.0/lib/ruby/gems/2.1.0/gems/web-console-2.2.1/lib/web_console/templates/console.js.erb within layouts/javascript (25.0ms)
  Rendered C:/RailsInstaller/Ruby2.1.0/lib/ruby/gems/2.1.0/gems/web-console-2.2.1/lib/web_console/templates/main.js.erb within layouts/javascript (0.0ms)
  Rendered C:/RailsInstaller/Ruby2.1.0/lib/ruby/gems/2.1.0/gems/web-console-2.2.1/lib/web_console/templates/error_page.js.erb within layouts/javascript (1.0ms)
  Rendered C:/RailsInstaller/Ruby2.1.0/lib/ruby/gems/2.1.0/gems/web-console-2.2.1/lib/web_console/templates/index.html.erb (54.0ms)


Started GET "/" for ::1 at 2016-01-17 14:46:57 +0300
Processing by MapsController#index as HTML
  Rendered maps/index.html.erb (3.0ms)
Completed 500 Internal Server Error in 5ms (ActiveRecord: 0.0ms)

LoadError (cannot load such file -- style):
  app/views/maps/index.html.erb:5:in `_app_views_maps_index_html_erb__947148399_72582348'


  Rendered C:/RailsInstaller/Ruby2.1.0/lib/ruby/gems/2.1.0/gems/actionpack-4.2.5/lib/action_dispatch/middleware/templates/rescues/_source.erb (0.0ms)
  Rendered C:/RailsInstaller/Ruby2.1.0/lib/ruby/gems/2.1.0/gems/actionpack-4.2.5/lib/action_dispatch/middleware/templates/rescues/_trace.html.erb (2.0ms)
  Rendered C:/RailsInstaller/Ruby2.1.0/lib/ruby/gems/2.1.0/gems/actionpack-4.2.5/lib/action_dispatch/middleware/templates/rescues/_request_and_response.html.erb (1.0ms)
  Rendered C:/RailsInstaller/Ruby2.1.0/lib/ruby/gems/2.1.0/gems/actionpack-4.2.5/lib/action_dispatch/middleware/templates/rescues/diagnostics.html.erb within rescues/layout (24.0ms)
  Rendered C:/RailsInstaller/Ruby2.1.0/lib/ruby/gems/2.1.0/gems/web-console-2.2.1/lib/web_console/templates/_markup.html.erb (0.0ms)
  Rendered C:/RailsInstaller/Ruby2.1.0/lib/ruby/gems/2.1.0/gems/web-console-2.2.1/lib/web_console/templates/_inner_console_markup.html.erb within layouts/inlined_string (1.0ms)
  Rendered C:/RailsInstaller/Ruby2.1.0/lib/ruby/gems/2.1.0/gems/web-console-2.2.1/lib/web_console/templates/_prompt_box_markup.html.erb within layouts/inlined_string (0.0ms)
  Rendered C:/RailsInstaller/Ruby2.1.0/lib/ruby/gems/2.1.0/gems/web-console-2.2.1/lib/web_console/templates/style.css.erb within layouts/inlined_string (1.0ms)
  Rendered C:/RailsInstaller/Ruby2.1.0/lib/ruby/gems/2.1.0/gems/web-console-2.2.1/lib/web_console/templates/console.js.erb within layouts/javascript (23.0ms)
  Rendered C:/RailsInstaller/Ruby2.1.0/lib/ruby/gems/2.1.0/gems/web-console-2.2.1/lib/web_console/templates/main.js.erb within layouts/javascript (0.0ms)
  Rendered C:/RailsInstaller/Ruby2.1.0/lib/ruby/gems/2.1.0/gems/web-console-2.2.1/lib/web_console/templates/error_page.js.erb within layouts/javascript (0.0ms)
  Rendered C:/RailsInstaller/Ruby2.1.0/lib/ruby/gems/2.1.0/gems/web-console-2.2.1/lib/web_console/templates/index.html.erb (51.0ms)


Started GET "/" for ::1 at 2016-01-17 14:47:07 +0300
Processing by MapsController#index as HTML
  Rendered maps/index.html.erb (3.0ms)
Completed 500 Internal Server Error in 5ms (ActiveRecord: 0.0ms)

LoadError (cannot load such file -- style):
  app/views/maps/index.html.erb:5:in `_app_views_maps_index_html_erb__947148399_72582348'


  Rendered C:/RailsInstaller/Ruby2.1.0/lib/ruby/gems/2.1.0/gems/actionpack-4.2.5/lib/action_dispatch/middleware/templates/rescues/_source.erb (1.0ms)
  Rendered C:/RailsInstaller/Ruby2.1.0/lib/ruby/gems/2.1.0/gems/actionpack-4.2.5/lib/action_dispatch/middleware/templates/rescues/_trace.html.erb (2.0ms)
  Rendered C:/RailsInstaller/Ruby2.1.0/lib/ruby/gems/2.1.0/gems/actionpack-4.2.5/lib/action_dispatch/middleware/templates/rescues/_request_and_response.html.erb (1.0ms)
  Rendered C:/RailsInstaller/Ruby2.1.0/lib/ruby/gems/2.1.0/gems/actionpack-4.2.5/lib/action_dispatch/middleware/templates/rescues/diagnostics.html.erb within rescues/layout (24.0ms)
  Rendered C:/RailsInstaller/Ruby2.1.0/lib/ruby/gems/2.1.0/gems/web-console-2.2.1/lib/web_console/templates/_markup.html.erb (0.0ms)
  Rendered C:/RailsInstaller/Ruby2.1.0/lib/ruby/gems/2.1.0/gems/web-console-2.2.1/lib/web_console/templates/_inner_console_markup.html.erb within layouts/inlined_string (1.0ms)
  Rendered C:/RailsInstaller/Ruby2.1.0/lib/ruby/gems/2.1.0/gems/web-console-2.2.1/lib/web_console/templates/_prompt_box_markup.html.erb within layouts/inlined_string (0.0ms)
  Rendered C:/RailsInstaller/Ruby2.1.0/lib/ruby/gems/2.1.0/gems/web-console-2.2.1/lib/web_console/templates/style.css.erb within layouts/inlined_string (0.0ms)
  Rendered C:/RailsInstaller/Ruby2.1.0/lib/ruby/gems/2.1.0/gems/web-console-2.2.1/lib/web_console/templates/console.js.erb within layouts/javascript (23.0ms)
  Rendered C:/RailsInstaller/Ruby2.1.0/lib/ruby/gems/2.1.0/gems/web-console-2.2.1/lib/web_console/templates/main.js.erb within layouts/javascript (0.0ms)
  Rendered C:/RailsInstaller/Ruby2.1.0/lib/ruby/gems/2.1.0/gems/web-console-2.2.1/lib/web_console/templates/error_page.js.erb within layouts/javascript (0.0ms)
  Rendered C:/RailsInstaller/Ruby2.1.0/lib/ruby/gems/2.1.0/gems/web-console-2.2.1/lib/web_console/templates/index.html.erb (51.0ms)


Started GET "/" for ::1 at 2016-01-17 14:48:58 +0300
Processing by MapsController#index as HTML
  Rendered maps/index.html.erb (0.0ms)
Completed 200 OK in 3ms (Views: 3.0ms | ActiveRecord: 0.0ms)


Started GET "/" for ::1 at 2016-01-17 14:49:21 +0300
Processing by MapsController#index as HTML
  Rendered maps/index.html.erb (3.0ms)
Completed 500 Internal Server Error in 5ms (ActiveRecord: 0.0ms)

LoadError (cannot load such file -- style):
  app/views/maps/index.html.erb:5:in `_app_views_maps_index_html_erb__947148399_78473400'


  Rendered C:/RailsInstaller/Ruby2.1.0/lib/ruby/gems/2.1.0/gems/actionpack-4.2.5/lib/action_dispatch/middleware/templates/rescues/_source.erb (1.0ms)
  Rendered C:/RailsInstaller/Ruby2.1.0/lib/ruby/gems/2.1.0/gems/actionpack-4.2.5/lib/action_dispatch/middleware/templates/rescues/_trace.html.erb (3.0ms)
  Rendered C:/RailsInstaller/Ruby2.1.0/lib/ruby/gems/2.1.0/gems/actionpack-4.2.5/lib/action_dispatch/middleware/templates/rescues/_request_and_response.html.erb (1.0ms)
  Rendered C:/RailsInstaller/Ruby2.1.0/lib/ruby/gems/2.1.0/gems/actionpack-4.2.5/lib/action_dispatch/middleware/templates/rescues/diagnostics.html.erb within rescues/layout (25.0ms)
  Rendered C:/RailsInstaller/Ruby2.1.0/lib/ruby/gems/2.1.0/gems/web-console-2.2.1/lib/web_console/templates/_markup.html.erb (0.0ms)
  Rendered C:/RailsInstaller/Ruby2.1.0/lib/ruby/gems/2.1.0/gems/web-console-2.2.1/lib/web_console/templates/_inner_console_markup.html.erb within layouts/inlined_string (0.0ms)
  Rendered C:/RailsInstaller/Ruby2.1.0/lib/ruby/gems/2.1.0/gems/web-console-2.2.1/lib/web_console/templates/_prompt_box_markup.html.erb within layouts/inlined_string (1.0ms)
  Rendered C:/RailsInstaller/Ruby2.1.0/lib/ruby/gems/2.1.0/gems/web-console-2.2.1/lib/web_console/templates/style.css.erb within layouts/inlined_string (0.0ms)
  Rendered C:/RailsInstaller/Ruby2.1.0/lib/ruby/gems/2.1.0/gems/web-console-2.2.1/lib/web_console/templates/console.js.erb within layouts/javascript (24.0ms)
  Rendered C:/RailsInstaller/Ruby2.1.0/lib/ruby/gems/2.1.0/gems/web-console-2.2.1/lib/web_console/templates/main.js.erb within layouts/javascript (1.0ms)
  Rendered C:/RailsInstaller/Ruby2.1.0/lib/ruby/gems/2.1.0/gems/web-console-2.2.1/lib/web_console/templates/error_page.js.erb within layouts/javascript (1.0ms)
  Rendered C:/RailsInstaller/Ruby2.1.0/lib/ruby/gems/2.1.0/gems/web-console-2.2.1/lib/web_console/templates/index.html.erb (50.0ms)


Started POST "/console/repl_sessions/af559d82eec697db680957e813d09bfe/trace" for ::1 at 2016-01-17 14:49:27 +0300


Started POST "/console/repl_sessions/af559d82eec697db680957e813d09bfe/trace" for ::1 at 2016-01-17 14:49:31 +0300


Started GET "/" for ::1 at 2016-01-17 14:51:03 +0300
Processing by MapsController#index as HTML
  Rendered maps/index.html.erb (8.0ms)
Completed 500 Internal Server Error in 11ms (ActiveRecord: 0.0ms)

ActionView::Template::Error (undefined method `require_once' for #<#<Class:0x83b2690>:0x87851d0>):
    2:   <div id="map"></div>
    3: </div>
    4: <script src="https://maps.googleapis.com/maps/api/js"></script>
    5: <% require_once "style" 
    6: %>
  app/views/maps/index.html.erb:5:in `_app_views_maps_index_html_erb__947148399_71050008'


  Rendered C:/RailsInstaller/Ruby2.1.0/lib/ruby/gems/2.1.0/gems/actionpack-4.2.5/lib/action_dispatch/middleware/templates/rescues/_source.erb (0.0ms)
  Rendered C:/RailsInstaller/Ruby2.1.0/lib/ruby/gems/2.1.0/gems/actionpack-4.2.5/lib/action_dispatch/middleware/templates/rescues/_trace.html.erb (3.0ms)
  Rendered C:/RailsInstaller/Ruby2.1.0/lib/ruby/gems/2.1.0/gems/actionpack-4.2.5/lib/action_dispatch/middleware/templates/rescues/_request_and_response.html.erb (0.0ms)
  Rendered C:/RailsInstaller/Ruby2.1.0/lib/ruby/gems/2.1.0/gems/actionpack-4.2.5/lib/action_dispatch/middleware/templates/rescues/template_error.html.erb within rescues/layout (25.0ms)
  Rendered C:/RailsInstaller/Ruby2.1.0/lib/ruby/gems/2.1.0/gems/web-console-2.2.1/lib/web_console/templates/_markup.html.erb (1.0ms)
  Rendered C:/RailsInstaller/Ruby2.1.0/lib/ruby/gems/2.1.0/gems/web-console-2.2.1/lib/web_console/templates/_inner_console_markup.html.erb within layouts/inlined_string (0.0ms)
  Rendered C:/RailsInstaller/Ruby2.1.0/lib/ruby/gems/2.1.0/gems/web-console-2.2.1/lib/web_console/templates/_prompt_box_markup.html.erb within layouts/inlined_string (0.0ms)
  Rendered C:/RailsInstaller/Ruby2.1.0/lib/ruby/gems/2.1.0/gems/web-console-2.2.1/lib/web_console/templates/style.css.erb within layouts/inlined_string (0.0ms)
  Rendered C:/RailsInstaller/Ruby2.1.0/lib/ruby/gems/2.1.0/gems/web-console-2.2.1/lib/web_console/templates/console.js.erb within layouts/javascript (25.0ms)
  Rendered C:/RailsInstaller/Ruby2.1.0/lib/ruby/gems/2.1.0/gems/web-console-2.2.1/lib/web_console/templates/main.js.erb within layouts/javascript (0.0ms)
  Rendered C:/RailsInstaller/Ruby2.1.0/lib/ruby/gems/2.1.0/gems/web-console-2.2.1/lib/web_console/templates/error_page.js.erb within layouts/javascript (1.0ms)
  Rendered C:/RailsInstaller/Ruby2.1.0/lib/ruby/gems/2.1.0/gems/web-console-2.2.1/lib/web_console/templates/index.html.erb (52.1ms)


Started GET "/" for ::1 at 2016-01-17 14:51:09 +0300
Processing by MapsController#index as HTML
  Rendered maps/index.html.erb (3.0ms)
Completed 500 Internal Server Error in 5ms (ActiveRecord: 0.0ms)

LoadError (cannot load such file -- style):
  app/views/maps/index.html.erb:5:in `_app_views_maps_index_html_erb__947148399_72794880'


  Rendered C:/RailsInstaller/Ruby2.1.0/lib/ruby/gems/2.1.0/gems/actionpack-4.2.5/lib/action_dispatch/middleware/templates/rescues/_source.erb (0.0ms)
  Rendered C:/RailsInstaller/Ruby2.1.0/lib/ruby/gems/2.1.0/gems/actionpack-4.2.5/lib/action_dispatch/middleware/templates/rescues/_trace.html.erb (3.0ms)
  Rendered C:/RailsInstaller/Ruby2.1.0/lib/ruby/gems/2.1.0/gems/actionpack-4.2.5/lib/action_dispatch/middleware/templates/rescues/_request_and_response.html.erb (1.0ms)
  Rendered C:/RailsInstaller/Ruby2.1.0/lib/ruby/gems/2.1.0/gems/actionpack-4.2.5/lib/action_dispatch/middleware/templates/rescues/diagnostics.html.erb within rescues/layout (24.0ms)
  Rendered C:/RailsInstaller/Ruby2.1.0/lib/ruby/gems/2.1.0/gems/web-console-2.2.1/lib/web_console/templates/_markup.html.erb (0.0ms)
  Rendered C:/RailsInstaller/Ruby2.1.0/lib/ruby/gems/2.1.0/gems/web-console-2.2.1/lib/web_console/templates/_inner_console_markup.html.erb within layouts/inlined_string (0.0ms)
  Rendered C:/RailsInstaller/Ruby2.1.0/lib/ruby/gems/2.1.0/gems/web-console-2.2.1/lib/web_console/templates/_prompt_box_markup.html.erb within layouts/inlined_string (0.0ms)
  Rendered C:/RailsInstaller/Ruby2.1.0/lib/ruby/gems/2.1.0/gems/web-console-2.2.1/lib/web_console/templates/style.css.erb within layouts/inlined_string (1.0ms)
  Rendered C:/RailsInstaller/Ruby2.1.0/lib/ruby/gems/2.1.0/gems/web-console-2.2.1/lib/web_console/templates/console.js.erb within layouts/javascript (23.0ms)
  Rendered C:/RailsInstaller/Ruby2.1.0/lib/ruby/gems/2.1.0/gems/web-console-2.2.1/lib/web_console/templates/main.js.erb within layouts/javascript (0.0ms)
  Rendered C:/RailsInstaller/Ruby2.1.0/lib/ruby/gems/2.1.0/gems/web-console-2.2.1/lib/web_console/templates/error_page.js.erb within layouts/javascript (0.0ms)
  Rendered C:/RailsInstaller/Ruby2.1.0/lib/ruby/gems/2.1.0/gems/web-console-2.2.1/lib/web_console/templates/index.html.erb (50.0ms)


Started GET "/" for ::1 at 2016-01-17 14:54:01 +0300
Processing by MapsController#index as HTML
  Rendered maps/index.html.erb (1.0ms)
Completed 200 OK in 3ms (Views: 3.0ms | ActiveRecord: 0.0ms)


Started GET "/" for ::1 at 2016-01-17 14:55:05 +0300
Processing by MapsController#index as HTML
  Rendered maps/index.html.erb (0.0ms)
Completed 200 OK in 3ms (Views: 2.0ms | ActiveRecord: 0.0ms)


Started GET "/" for ::1 at 2016-01-17 14:56:03 +0300
Processing by MapsController#index as HTML
  Rendered maps/index.html.erb (0.0ms)
Completed 200 OK in 2ms (Views: 2.0ms | ActiveRecord: 0.0ms)


Started GET "/" for ::1 at 2016-01-17 14:56:37 +0300
Processing by MapsController#index as HTML
  Rendered maps/index.html.erb (1.0ms)
Completed 200 OK in 3ms (Views: 3.0ms | ActiveRecord: 0.0ms)


Started GET "/" for ::1 at 2016-01-17 14:57:39 +0300
Processing by MapsController#index as HTML
  Rendered maps/index.html.erb (1.0ms)
Completed 200 OK in 3ms (Views: 3.0ms | ActiveRecord: 0.0ms)


Started GET "/" for ::1 at 2016-01-17 14:58:05 +0300
Processing by MapsController#index as HTML
  Rendered maps/index.html.erb (0.0ms)
Completed 200 OK in 3ms (Views: 2.0ms | ActiveRecord: 0.0ms)


Started GET "/" for ::1 at 2016-01-17 14:59:29 +0300
Processing by MapsController#index as HTML
  Rendered maps/index.html.erb (1.0ms)
Completed 200 OK in 4ms (Views: 4.0ms | ActiveRecord: 0.0ms)


Started GET "/" for ::1 at 2016-01-17 14:59:44 +0300
Processing by MapsController#index as HTML
  Rendered maps/index.html.erb (0.0ms)
Completed 200 OK in 3ms (Views: 3.0ms | ActiveRecord: 0.0ms)


Started GET "/" for ::1 at 2016-01-17 14:59:52 +0300
Processing by MapsController#index as HTML
  Rendered maps/index.html.erb (0.0ms)
Completed 200 OK in 3ms (Views: 3.0ms | ActiveRecord: 0.0ms)


Started GET "/" for ::1 at 2016-01-17 15:04:49 +0300
Processing by MapsController#index as HTML
  Rendered maps/index.html.erb (0.0ms)
Completed 200 OK in 3ms (Views: 2.0ms | ActiveRecord: 0.0ms)


Started GET "/" for ::1 at 2016-01-17 15:05:14 +0300
Processing by MapsController#index as HTML
  Rendered maps/index.html.erb (0.0ms)
Completed 200 OK in 3ms (Views: 3.0ms | ActiveRecord: 0.0ms)


Started GET "/" for ::1 at 2016-01-17 15:07:28 +0300
Processing by MapsController#index as HTML
  Rendered maps/index.html.erb (0.0ms)
Completed 200 OK in 3ms (Views: 3.0ms | ActiveRecord: 0.0ms)


Started GET "/" for ::1 at 2016-01-17 15:07:56 +0300
Processing by MapsController#index as HTML
  Rendered maps/index.html.erb (0.0ms)
Completed 200 OK in 5ms (Views: 4.0ms | ActiveRecord: 0.0ms)


Started GET "/" for ::1 at 2016-01-17 15:08:05 +0300
Processing by MapsController#index as HTML
  Rendered maps/index.html.erb (0.0ms)
Completed 200 OK in 4ms (Views: 3.0ms | ActiveRecord: 0.0ms)


Started GET "/" for ::1 at 2016-01-17 15:08:52 +0300
Processing by MapsController#index as HTML
  Rendered maps/index.html.erb (0.0ms)
Completed 200 OK in 3ms (Views: 2.0ms | ActiveRecord: 0.0ms)


Started GET "/" for ::1 at 2016-01-17 15:10:40 +0300
Processing by MapsController#index as HTML
  Rendered maps/index.html.erb (0.0ms)
Completed 200 OK in 3ms (Views: 3.0ms | ActiveRecord: 0.0ms)


Started GET "/" for ::1 at 2016-01-17 15:12:11 +0300
Processing by MapsController#index as HTML
  Rendered maps/index.html.erb (0.0ms)
Completed 200 OK in 3ms (Views: 3.0ms | ActiveRecord: 0.0ms)


Started GET "/" for ::1 at 2016-01-17 15:13:15 +0300
Processing by MapsController#index as HTML
  Rendered maps/index.html.erb (1.0ms)
Completed 200 OK in 4ms (Views: 3.0ms | ActiveRecord: 0.0ms)


Started GET "/" for ::1 at 2016-01-17 15:13:21 +0300
Processing by MapsController#index as HTML
  Rendered maps/index.html.erb (0.0ms)
Completed 200 OK in 3ms (Views: 3.0ms | ActiveRecord: 0.0ms)


Started GET "/" for ::1 at 2016-01-17 15:15:41 +0300
Processing by MapsController#index as HTML
  Rendered maps/index.html.erb (1.0ms)
Completed 200 OK in 3ms (Views: 3.0ms | ActiveRecord: 0.0ms)


Started GET "/" for ::1 at 2016-01-17 15:16:10 +0300
Processing by MapsController#index as HTML
  Rendered maps/index.html.erb (1.0ms)
Completed 200 OK in 5ms (Views: 4.0ms | ActiveRecord: 0.0ms)


Started GET "/" for ::1 at 2016-01-17 15:16:19 +0300
Processing by MapsController#index as HTML
  Rendered maps/index.html.erb (1.0ms)
Completed 200 OK in 3ms (Views: 3.0ms | ActiveRecord: 0.0ms)


Started GET "/" for ::1 at 2016-01-17 15:16:37 +0300
Processing by MapsController#index as HTML
  Rendered maps/index.html.erb (1.0ms)
Completed 200 OK in 3ms (Views: 3.0ms | ActiveRecord: 0.0ms)


Started GET "/" for ::1 at 2016-01-17 15:17:08 +0300
Processing by MapsController#index as HTML
  Rendered maps/index.html.erb (1.0ms)
Completed 200 OK in 8ms (Views: 7.0ms | ActiveRecord: 0.0ms)


Started GET "/" for ::1 at 2016-01-17 15:17:39 +0300
Processing by MapsController#index as HTML
  Rendered maps/index.html.erb (0.0ms)
Completed 200 OK in 3ms (Views: 3.0ms | ActiveRecord: 0.0ms)


Started GET "/" for ::1 at 2016-01-17 15:17:59 +0300
Processing by MapsController#index as HTML
  Rendered maps/index.html.erb (0.0ms)
Completed 200 OK in 3ms (Views: 2.0ms | ActiveRecord: 0.0ms)


Started GET "/" for ::1 at 2016-01-17 15:18:05 +0300
Processing by MapsController#index as HTML
  Rendered maps/index.html.erb (1.0ms)
Completed 200 OK in 3ms (Views: 3.0ms | ActiveRecord: 0.0ms)


Started GET "/" for ::1 at 2016-01-17 15:20:07 +0300
Processing by MapsController#index as HTML
  Rendered maps/index.html.erb (0.0ms)
Completed 200 OK in 4ms (Views: 3.0ms | ActiveRecord: 0.0ms)


Started GET "/" for ::1 at 2016-01-17 15:20:14 +0300
Processing by MapsController#index as HTML
  Rendered maps/index.html.erb (1.0ms)
Completed 200 OK in 3ms (Views: 3.0ms | ActiveRecord: 0.0ms)


Started GET "/" for ::1 at 2016-01-17 15:20:19 +0300
Processing by MapsController#index as HTML
  Rendered maps/index.html.erb (1.0ms)
Completed 200 OK in 3ms (Views: 3.0ms | ActiveRecord: 0.0ms)


Started GET "/" for ::1 at 2016-01-17 15:21:17 +0300
Processing by MapsController#index as HTML
  Rendered maps/index.html.erb (0.0ms)
Completed 200 OK in 3ms (Views: 3.0ms | ActiveRecord: 0.0ms)


Started GET "/" for ::1 at 2016-01-17 19:31:34 +0300
Processing by MapsController#index as HTML
  Rendered maps/index.html.erb (0.0ms)
Completed 200 OK in 58ms (Views: 58.1ms | ActiveRecord: 0.0ms)


Started GET "/" for ::1 at 2016-01-17 22:45:30 +0300
Processing by MapsController#index as HTML
  Rendered maps/index.html.erb (0.0ms)
Completed 200 OK in 11ms (Views: 11.0ms | ActiveRecord: 0.0ms)


Started GET "/" for ::1 at 2016-01-18 20:17:00 +0300
Processing by MapsController#index as HTML
  Rendered maps/index.html.erb (15.0ms)
Completed 200 OK in 104ms (Views: 79.1ms | ActiveRecord: 0.0ms)


Started GET "/" for ::1 at 2016-01-18 20:21:22 +0300
Processing by MapsController#index as HTML
  Rendered maps/_js.erb (0.0ms)
  Rendered maps/index.html.erb (44.0ms)
Completed 500 Internal Server Error in 47ms (ActiveRecord: 0.0ms)

ActionView::Template::Error (Missing partial maps/_css, application/_css with {:locale=>[:en], :formats=>[:html], :variants=>[], :handlers=>[:erb, :builder, :raw, :ruby, :coffee, :jbuilder]}. Searched in:
  * "C:/Sites/fl/app/views"
):
     7: 
     8: <%= render partial: 'js' %>
     9: 
    10: <%= render partial: 'css' %>
  app/views/maps/index.html.erb:10:in `_app_views_maps_index_html_erb__872813314_50792544'


  Rendered C:/RailsInstaller/Ruby2.1.0/lib/ruby/gems/2.1.0/gems/actionpack-4.2.5/lib/action_dispatch/middleware/templates/rescues/_source.erb (1.0ms)
  Rendered C:/RailsInstaller/Ruby2.1.0/lib/ruby/gems/2.1.0/gems/actionpack-4.2.5/lib/action_dispatch/middleware/templates/rescues/_trace.html.erb (3.0ms)
  Rendered C:/RailsInstaller/Ruby2.1.0/lib/ruby/gems/2.1.0/gems/actionpack-4.2.5/lib/action_dispatch/middleware/templates/rescues/_request_and_response.html.erb (0.0ms)
  Rendered C:/RailsInstaller/Ruby2.1.0/lib/ruby/gems/2.1.0/gems/actionpack-4.2.5/lib/action_dispatch/middleware/templates/rescues/template_error.html.erb within rescues/layout (76.1ms)
  Rendered C:/RailsInstaller/Ruby2.1.0/lib/ruby/gems/2.1.0/gems/web-console-2.2.1/lib/web_console/templates/_markup.html.erb (1.0ms)
  Rendered C:/RailsInstaller/Ruby2.1.0/lib/ruby/gems/2.1.0/gems/web-console-2.2.1/lib/web_console/templates/_inner_console_markup.html.erb within layouts/inlined_string (0.0ms)
  Rendered C:/RailsInstaller/Ruby2.1.0/lib/ruby/gems/2.1.0/gems/web-console-2.2.1/lib/web_console/templates/_prompt_box_markup.html.erb within layouts/inlined_string (0.0ms)
  Rendered C:/RailsInstaller/Ruby2.1.0/lib/ruby/gems/2.1.0/gems/web-console-2.2.1/lib/web_console/templates/style.css.erb within layouts/inlined_string (1.0ms)
  Rendered C:/RailsInstaller/Ruby2.1.0/lib/ruby/gems/2.1.0/gems/web-console-2.2.1/lib/web_console/templates/console.js.erb within layouts/javascript (43.0ms)
  Rendered C:/RailsInstaller/Ruby2.1.0/lib/ruby/gems/2.1.0/gems/web-console-2.2.1/lib/web_console/templates/main.js.erb within layouts/javascript (1.0ms)
  Rendered C:/RailsInstaller/Ruby2.1.0/lib/ruby/gems/2.1.0/gems/web-console-2.2.1/lib/web_console/templates/error_page.js.erb within layouts/javascript (0.0ms)
  Rendered C:/RailsInstaller/Ruby2.1.0/lib/ruby/gems/2.1.0/gems/web-console-2.2.1/lib/web_console/templates/index.html.erb (112.1ms)


Started GET "/" for ::1 at 2016-01-18 20:21:48 +0300
Processing by MapsController#index as HTML
  Rendered maps/_js.erb (0.0ms)
  Rendered maps/index.html.erb (1.0ms)
Completed 200 OK in 3ms (Views: 3.0ms | ActiveRecord: 0.0ms)


Started GET "/" for ::1 at 2016-01-18 20:21:59 +0300
Processing by MapsController#index as HTML
  Rendered maps/_js.erb (1.0ms)
  Rendered maps/_style.erb (0.0ms)
  Rendered maps/index.html.erb (3.0ms)
Completed 200 OK in 5ms (Views: 5.0ms | ActiveRecord: 0.0ms)


Started GET "/" for ::1 at 2016-01-18 20:24:01 +0300
Processing by MapsController#index as HTML
  Rendered maps/_js.erb (0.0ms)
  Rendered maps/_style.erb (0.0ms)
  Rendered maps/index.html.erb (3.0ms)
Completed 200 OK in 5ms (Views: 5.0ms | ActiveRecord: 0.0ms)


Started GET "/" for ::1 at 2016-01-18 20:24:34 +0300
Processing by MapsController#index as HTML
  Rendered maps/_js.erb (0.0ms)
  Rendered maps/_style.erb (0.0ms)
  Rendered maps/index.html.erb (2.0ms)
Completed 200 OK in 7ms (Views: 7.0ms | ActiveRecord: 0.0ms)


Started GET "/" for ::1 at 2016-01-18 20:24:48 +0300
Processing by MapsController#index as HTML
  Rendered maps/_js.erb (0.0ms)
  Rendered maps/_style.erb (0.0ms)
  Rendered maps/index.html.erb (3.0ms)
Completed 200 OK in 7ms (Views: 7.0ms | ActiveRecord: 0.0ms)


Started GET "/" for ::1 at 2016-01-18 20:38:01 +0300
Processing by MapsController#index as HTML
  Rendered maps/_js.erb (0.0ms)
  Rendered maps/_style.erb (1.0ms)
  Rendered maps/index.html.erb (2.0ms)
Completed 200 OK in 6ms (Views: 6.0ms | ActiveRecord: 0.0ms)


Started GET "/" for ::1 at 2016-01-18 20:38:53 +0300
Processing by MapsController#index as HTML
  Rendered maps/_js.erb (0.0ms)
  Rendered maps/_style.erb (0.0ms)
  Rendered maps/index.html.erb (3.0ms)
Completed 200 OK in 6ms (Views: 6.0ms | ActiveRecord: 0.0ms)


Started GET "/" for ::1 at 2016-01-18 20:39:13 +0300
Processing by MapsController#index as HTML
  Rendered maps/_js.erb (0.0ms)
  Rendered maps/_style.erb (0.0ms)
  Rendered maps/index.html.erb (2.0ms)
Completed 200 OK in 5ms (Views: 5.0ms | ActiveRecord: 0.0ms)


Started GET "/" for ::1 at 2016-01-18 20:39:40 +0300
Processing by MapsController#index as HTML
  Rendered maps/_js.erb (1.0ms)
  Rendered maps/_style.erb (0.0ms)
  Rendered maps/index.html.erb (2.0ms)
Completed 200 OK in 5ms (Views: 5.0ms | ActiveRecord: 0.0ms)


Started GET "/" for ::1 at 2016-01-18 20:41:47 +0300
Processing by MapsController#index as HTML
  Rendered maps/_js.erb (0.0ms)
  Rendered maps/_style.erb (0.0ms)
  Rendered maps/index.html.erb (2.0ms)
Completed 200 OK in 7ms (Views: 7.0ms | ActiveRecord: 0.0ms)


Started GET "/" for ::1 at 2016-01-18 20:42:50 +0300
Processing by MapsController#index as HTML
  Rendered maps/_js.erb (0.0ms)
  Rendered maps/_style.erb (0.0ms)
  Rendered maps/index.html.erb (2.0ms)
Completed 200 OK in 6ms (Views: 5.0ms | ActiveRecord: 0.0ms)


Started GET "/" for ::1 at 2016-01-18 20:43:11 +0300
Processing by MapsController#index as HTML
  Rendered maps/_js.erb (0.0ms)
  Rendered maps/_style.erb (0.0ms)
  Rendered maps/index.html.erb (3.0ms)
Completed 200 OK in 7ms (Views: 6.0ms | ActiveRecord: 0.0ms)


Started GET "/" for ::1 at 2016-01-18 20:43:12 +0300
Processing by MapsController#index as HTML
  Rendered maps/_js.erb (0.0ms)
  Rendered maps/_style.erb (0.0ms)
  Rendered maps/index.html.erb (3.0ms)
Completed 200 OK in 5ms (Views: 5.0ms | ActiveRecord: 0.0ms)


Started GET "/" for ::1 at 2016-01-18 20:43:29 +0300
Processing by MapsController#index as HTML
  Rendered maps/_js.erb (1.0ms)
  Rendered maps/_style.erb (1.0ms)
  Rendered maps/index.html.erb (2.0ms)
Completed 200 OK in 5ms (Views: 4.0ms | ActiveRecord: 0.0ms)


Started GET "/" for ::1 at 2016-01-18 20:44:00 +0300
Processing by MapsController#index as HTML
  Rendered maps/_js.erb (0.0ms)
  Rendered maps/_style.erb (0.0ms)
  Rendered maps/index.html.erb (3.0ms)
Completed 200 OK in 6ms (Views: 5.0ms | ActiveRecord: 0.0ms)


Started GET "/" for ::1 at 2016-01-18 20:44:29 +0300
Processing by MapsController#index as HTML
  Rendered maps/_js.erb (0.0ms)
  Rendered maps/_style.erb (1.0ms)
  Rendered maps/index.html.erb (2.0ms)
Completed 200 OK in 6ms (Views: 6.0ms | ActiveRecord: 0.0ms)


Started GET "/" for ::1 at 2016-01-18 20:44:37 +0300
Processing by MapsController#index as HTML
  Rendered maps/_js.erb (0.0ms)
  Rendered maps/_style.erb (1.0ms)
  Rendered maps/index.html.erb (3.0ms)
Completed 200 OK in 7ms (Views: 6.0ms | ActiveRecord: 0.0ms)


Started GET "/" for ::1 at 2016-01-18 20:44:43 +0300
Processing by MapsController#index as HTML
  Rendered maps/_js.erb (0.0ms)
  Rendered maps/_style.erb (0.0ms)
  Rendered maps/index.html.erb (2.0ms)
Completed 200 OK in 6ms (Views: 5.0ms | ActiveRecord: 0.0ms)


Started GET "/" for ::1 at 2016-01-18 20:45:13 +0300
Processing by MapsController#index as HTML
  Rendered maps/_js.erb (0.0ms)
  Rendered maps/_style.erb (1.0ms)
  Rendered maps/index.html.erb (3.0ms)
Completed 200 OK in 7ms (Views: 6.0ms | ActiveRecord: 0.0ms)


Started GET "/" for ::1 at 2016-01-18 20:45:23 +0300
Processing by MapsController#index as HTML
  Rendered maps/_js.erb (0.0ms)
  Rendered maps/_style.erb (0.0ms)
  Rendered maps/index.html.erb (2.0ms)
Completed 200 OK in 5ms (Views: 4.0ms | ActiveRecord: 0.0ms)


Started GET "/" for ::1 at 2016-01-18 20:46:01 +0300
Processing by MapsController#index as HTML
  Rendered maps/_js.erb (1.0ms)
  Rendered maps/_style.erb (0.0ms)
  Rendered maps/index.html.erb (3.0ms)
Completed 200 OK in 6ms (Views: 6.0ms | ActiveRecord: 0.0ms)


Started GET "/" for ::1 at 2016-01-18 20:46:02 +0300
Processing by MapsController#index as HTML
  Rendered maps/_js.erb (0.0ms)
  Rendered maps/_style.erb (0.0ms)
  Rendered maps/index.html.erb (2.0ms)
Completed 200 OK in 6ms (Views: 5.0ms | ActiveRecord: 0.0ms)


Started GET "/" for ::1 at 2016-01-18 20:46:57 +0300
Processing by MapsController#index as HTML
  Rendered maps/_js.erb (1.0ms)
  Rendered maps/_style.erb (1.0ms)
  Rendered maps/index.html.erb (4.0ms)
Completed 200 OK in 8ms (Views: 6.0ms | ActiveRecord: 0.0ms)


Started GET "/" for ::1 at 2016-01-18 20:47:18 +0300
Processing by MapsController#index as HTML
  Rendered maps/_js.erb (0.0ms)
  Rendered maps/_style.erb (0.0ms)
  Rendered maps/index.html.erb (3.0ms)
Completed 200 OK in 6ms (Views: 6.0ms | ActiveRecord: 0.0ms)


Started GET "/" for ::1 at 2016-01-18 20:48:19 +0300
Processing by MapsController#index as HTML
  Rendered maps/_js.erb (0.0ms)
  Rendered maps/_style.erb (0.0ms)
  Rendered maps/index.html.erb (2.0ms)
Completed 200 OK in 6ms (Views: 5.0ms | ActiveRecord: 0.0ms)


Started GET "/" for ::1 at 2016-01-18 20:50:06 +0300
Processing by MapsController#index as HTML
  Rendered maps/_js.erb (0.0ms)
  Rendered maps/_style.erb (0.0ms)
  Rendered maps/index.html.erb (2.0ms)
Completed 200 OK in 5ms (Views: 4.0ms | ActiveRecord: 0.0ms)


Started GET "/" for ::1 at 2016-01-18 20:50:21 +0300
Processing by MapsController#index as HTML
  Rendered maps/_js.erb (0.0ms)
  Rendered maps/_style.erb (0.0ms)
  Rendered maps/index.html.erb (2.0ms)
Completed 200 OK in 6ms (Views: 6.0ms | ActiveRecord: 0.0ms)


Started GET "/" for ::1 at 2016-01-18 20:50:53 +0300
Processing by MapsController#index as HTML
  Rendered maps/_js.erb (0.0ms)
  Rendered maps/_style.erb (0.0ms)
  Rendered maps/index.html.erb (9.0ms)
Completed 200 OK in 16ms (Views: 16.0ms | ActiveRecord: 0.0ms)


Started GET "/" for ::1 at 2016-01-18 20:52:02 +0300
Processing by MapsController#index as HTML
  Rendered maps/_js.erb (1.0ms)
  Rendered maps/_style.erb (0.0ms)
  Rendered maps/index.html.erb (3.0ms)
Completed 200 OK in 7ms (Views: 6.0ms | ActiveRecord: 0.0ms)


Started GET "/" for ::1 at 2016-01-18 20:53:59 +0300
Processing by MapsController#index as HTML
  Rendered maps/_js.erb (0.0ms)
  Rendered maps/_style.erb (1.0ms)
  Rendered maps/index.html.erb (3.0ms)
Completed 200 OK in 6ms (Views: 5.0ms | ActiveRecord: 0.0ms)


Started GET "/" for ::1 at 2016-01-18 20:54:08 +0300
Processing by MapsController#index as HTML
  Rendered maps/_js.erb (1.0ms)
  Rendered maps/_style.erb (0.0ms)
  Rendered maps/index.html.erb (2.0ms)
Completed 200 OK in 6ms (Views: 5.0ms | ActiveRecord: 0.0ms)


Started GET "/" for ::1 at 2016-01-18 20:54:37 +0300
Processing by MapsController#index as HTML
  Rendered maps/_js.erb (0.0ms)
  Rendered maps/_style.erb (0.0ms)
  Rendered maps/index.html.erb (3.0ms)
Completed 200 OK in 5ms (Views: 5.0ms | ActiveRecord: 0.0ms)


Started GET "/" for ::1 at 2016-01-18 20:54:49 +0300
Processing by MapsController#index as HTML
  Rendered maps/_js.erb (0.0ms)
  Rendered maps/_style.erb (0.0ms)
  Rendered maps/index.html.erb (2.0ms)
Completed 200 OK in 4ms (Views: 4.0ms | ActiveRecord: 0.0ms)


Started GET "/" for ::1 at 2016-01-18 20:54:50 +0300
Processing by MapsController#index as HTML
  Rendered maps/_js.erb (0.0ms)
  Rendered maps/_style.erb (0.0ms)
  Rendered maps/index.html.erb (3.0ms)
Completed 200 OK in 5ms (Views: 5.0ms | ActiveRecord: 0.0ms)


Started GET "/" for ::1 at 2016-01-18 20:55:44 +0300
Processing by MapsController#index as HTML
  Rendered maps/_js.erb (0.0ms)
  Rendered maps/_style.erb (0.0ms)
  Rendered maps/index.html.erb (3.0ms)
Completed 200 OK in 5ms (Views: 5.0ms | ActiveRecord: 0.0ms)


Started GET "/" for ::1 at 2016-01-18 20:55:45 +0300
Processing by MapsController#index as HTML
  Rendered maps/_js.erb (0.0ms)
  Rendered maps/_style.erb (0.0ms)
  Rendered maps/index.html.erb (2.0ms)
Completed 200 OK in 6ms (Views: 6.0ms | ActiveRecord: 0.0ms)


Started GET "/" for ::1 at 2016-01-18 20:57:27 +0300
Processing by MapsController#index as HTML
  Rendered maps/_js.erb (0.0ms)
  Rendered maps/_style.erb (0.0ms)
  Rendered maps/index.html.erb (3.0ms)
Completed 200 OK in 6ms (Views: 6.0ms | ActiveRecord: 0.0ms)


Started GET "/" for ::1 at 2016-01-18 20:57:28 +0300
Processing by MapsController#index as HTML
  Rendered maps/_js.erb (0.0ms)
  Rendered maps/_style.erb (0.0ms)
  Rendered maps/index.html.erb (2.0ms)
Completed 200 OK in 4ms (Views: 4.0ms | ActiveRecord: 0.0ms)


Started GET "/" for ::1 at 2016-01-18 21:01:05 +0300
Processing by MapsController#index as HTML
  Rendered maps/_js.erb (0.0ms)
  Rendered maps/_style.erb (0.0ms)
  Rendered maps/index.html.erb (3.0ms)
Completed 200 OK in 7ms (Views: 6.0ms | ActiveRecord: 0.0ms)


Started GET "/" for ::1 at 2016-01-18 21:01:37 +0300
Processing by MapsController#index as HTML
  Rendered maps/_js.erb (1.0ms)
  Rendered maps/_style.erb (0.0ms)
  Rendered maps/index.html.erb (3.0ms)
Completed 200 OK in 5ms (Views: 5.0ms | ActiveRecord: 0.0ms)


Started GET "/" for ::1 at 2016-01-18 21:02:53 +0300
Processing by MapsController#index as HTML
  Rendered maps/_js.erb (0.0ms)
  Rendered maps/_style.erb (0.0ms)
  Rendered maps/index.html.erb (2.0ms)
Completed 200 OK in 7ms (Views: 7.0ms | ActiveRecord: 0.0ms)


Started GET "/" for ::1 at 2016-01-18 21:03:02 +0300
Processing by MapsController#index as HTML
  Rendered maps/_js.erb (0.0ms)
  Rendered maps/_style.erb (0.0ms)
  Rendered maps/index.html.erb (2.0ms)
Completed 200 OK in 5ms (Views: 4.0ms | ActiveRecord: 0.0ms)


Started GET "/" for ::1 at 2016-01-18 21:04:32 +0300
Processing by MapsController#index as HTML
  Rendered maps/_js.erb (0.0ms)
  Rendered maps/_style.erb (0.0ms)
  Rendered maps/index.html.erb (2.0ms)
Completed 200 OK in 5ms (Views: 5.0ms | ActiveRecord: 0.0ms)


Started GET "/" for ::1 at 2016-01-18 21:05:37 +0300
Processing by MapsController#index as HTML
  Rendered maps/_js.erb (0.0ms)
  Rendered maps/_style.erb (0.0ms)
  Rendered maps/index.html.erb (2.0ms)
Completed 200 OK in 5ms (Views: 4.0ms | ActiveRecord: 0.0ms)


Started GET "/" for ::1 at 2016-01-18 21:06:10 +0300
Processing by MapsController#index as HTML
  Rendered maps/_js.erb (0.0ms)
  Rendered maps/_style.erb (0.0ms)
  Rendered maps/index.html.erb (3.0ms)
Completed 200 OK in 7ms (Views: 6.0ms | ActiveRecord: 0.0ms)


Started GET "/" for ::1 at 2016-01-18 21:07:28 +0300
Processing by MapsController#index as HTML
  Rendered maps/_js.erb (0.0ms)
  Rendered maps/_style.erb (0.0ms)
  Rendered maps/index.html.erb (2.0ms)
Completed 200 OK in 6ms (Views: 4.0ms | ActiveRecord: 0.0ms)


Started GET "/" for ::1 at 2016-01-18 21:09:37 +0300
Processing by MapsController#index as HTML
  Rendered maps/_js.erb (1.0ms)
  Rendered maps/_style.erb (0.0ms)
  Rendered maps/index.html.erb (4.0ms)
Completed 200 OK in 6ms (Views: 6.0ms | ActiveRecord: 0.0ms)


Started GET "/" for ::1 at 2016-01-18 21:09:44 +0300
Processing by MapsController#index as HTML
  Rendered maps/_js.erb (1.0ms)
  Rendered maps/_style.erb (0.0ms)
  Rendered maps/index.html.erb (3.0ms)
Completed 200 OK in 6ms (Views: 6.0ms | ActiveRecord: 0.0ms)


Started GET "/" for ::1 at 2016-01-18 21:09:54 +0300
Processing by MapsController#index as HTML
  Rendered maps/_js.erb (1.0ms)
  Rendered maps/_style.erb (0.0ms)
  Rendered maps/index.html.erb (2.0ms)
Completed 200 OK in 5ms (Views: 5.0ms | ActiveRecord: 0.0ms)


Started GET "/" for ::1 at 2016-01-18 21:10:37 +0300
Processing by MapsController#index as HTML
  Rendered maps/_js.erb (0.0ms)
  Rendered maps/_style.erb (1.0ms)
  Rendered maps/index.html.erb (11.0ms)
Completed 200 OK in 34ms (Views: 22.0ms | ActiveRecord: 0.0ms)


Started GET "/" for ::1 at 2016-01-18 21:10:47 +0300
Processing by MapsController#index as HTML
  Rendered maps/_js.erb (0.0ms)
  Rendered maps/_style.erb (0.0ms)
  Rendered maps/index.html.erb (2.0ms)
Completed 200 OK in 6ms (Views: 6.0ms | ActiveRecord: 0.0ms)


Started GET "/" for ::1 at 2016-01-18 21:19:13 +0300
Processing by MapsController#index as HTML
  Rendered maps/_js.erb (0.0ms)
  Rendered maps/_style.erb (1.0ms)
  Rendered maps/index.html.erb (7.0ms)
Completed 200 OK in 32ms (Views: 22.0ms | ActiveRecord: 0.0ms)


Started GET "/" for ::1 at 2016-01-18 21:20:55 +0300
Processing by MapsController#index as HTML
  Rendered maps/_js.erb (0.0ms)
  Rendered maps/_style.erb (0.0ms)
  Rendered maps/index.html.erb (2.0ms)
Completed 200 OK in 4ms (Views: 4.0ms | ActiveRecord: 0.0ms)


Started GET "/" for ::1 at 2016-01-19 20:33:27 +0300
Processing by MapsController#index as HTML
  Rendered maps/_js.erb (0.0ms)
  Rendered maps/_style.erb (0.0ms)
  Rendered maps/index.html.erb (32.0ms)
Completed 200 OK in 121ms (Views: 89.1ms | ActiveRecord: 0.0ms)


Started GET "/" for ::1 at 2016-01-19 20:34:16 +0300
Processing by MapsController#index as HTML
  Rendered maps/_js.erb (0.0ms)
  Rendered maps/_style.erb (0.0ms)
  Rendered maps/index.html.erb (2.0ms)
Completed 200 OK in 5ms (Views: 4.0ms | ActiveRecord: 0.0ms)


Started GET "/" for ::1 at 2016-01-19 20:34:17 +0300
Processing by MapsController#index as HTML
  Rendered maps/_js.erb (0.0ms)
  Rendered maps/_style.erb (0.0ms)
  Rendered maps/index.html.erb (2.0ms)
Completed 200 OK in 4ms (Views: 4.0ms | ActiveRecord: 0.0ms)


Started GET "/" for ::1 at 2016-01-19 20:34:31 +0300
Processing by MapsController#index as HTML
  Rendered maps/_js.erb (0.5ms)
  Rendered maps/_style.erb (0.5ms)
  Rendered maps/index.html.erb (2.0ms)
Completed 200 OK in 5ms (Views: 4.0ms | ActiveRecord: 0.0ms)


Started GET "/" for ::1 at 2016-01-19 20:34:40 +0300
Processing by MapsController#index as HTML
  Rendered maps/_js.erb (0.0ms)
  Rendered maps/_style.erb (0.5ms)
  Rendered maps/index.html.erb (2.5ms)
Completed 200 OK in 6ms (Views: 5.5ms | ActiveRecord: 0.0ms)


Started GET "/" for ::1 at 2016-01-19 20:34:50 +0300
Processing by MapsController#index as HTML
  Rendered maps/_js.erb (0.0ms)
  Rendered maps/_style.erb (0.0ms)
  Rendered maps/index.html.erb (2.0ms)
Completed 200 OK in 4ms (Views: 4.0ms | ActiveRecord: 0.0ms)


Started GET "/" for ::1 at 2016-01-19 20:34:55 +0300
Processing by MapsController#index as HTML
  Rendered maps/_js.erb (0.0ms)
  Rendered maps/_style.erb (0.5ms)
  Rendered maps/index.html.erb (2.0ms)
Completed 200 OK in 5ms (Views: 4.5ms | ActiveRecord: 0.0ms)


Started GET "/" for ::1 at 2016-01-19 20:35:04 +0300
Processing by MapsController#index as HTML
  Rendered maps/_js.erb (0.0ms)
  Rendered maps/_style.erb (0.5ms)
  Rendered maps/index.html.erb (2.5ms)
Completed 200 OK in 5ms (Views: 5.0ms | ActiveRecord: 0.0ms)
